<?xml version="1.0" encoding="UTF-8"?>
<coverage generated="1712688871231" clover="3.2.0">
  <project timestamp="1712688871231" name="All files">
    <metrics statements="28" coveredstatements="28" conditionals="2" coveredconditionals="2" methods="14" coveredmethods="14" elements="44" coveredelements="44" complexity="0" loc="28" ncloc="28" packages="1" files="3" classes="3"/>
    <file name="async-function.js" path="C:\Users\Mohit\OneDrive\Desktop\Unit-Testing-Jest\funtions\async-function.js">
      <metrics statements="10" coveredstatements="10" conditionals="0" coveredconditionals="0" methods="8" coveredmethods="8"/>
      <line num="1" count="1" type="stmt"/>
      <line num="2" count="1" type="stmt"/>
      <line num="3" count="1" type="stmt"/>
      <line num="7" count="1" type="stmt"/>
      <line num="8" count="2" type="stmt"/>
      <line num="9" count="2" type="stmt"/>
      <line num="13" count="1" type="stmt"/>
      <line num="14" count="1" type="stmt"/>
      <line num="15" count="1" type="stmt"/>
      <line num="19" count="1" type="stmt"/>
    </file>
    <file name="basic-function.js" path="C:\Users\Mohit\OneDrive\Desktop\Unit-Testing-Jest\funtions\basic-function.js">
      <metrics statements="9" coveredstatements="9" conditionals="0" coveredconditionals="0" methods="4" coveredmethods="4"/>
      <line num="1" count="1" type="stmt"/>
      <line num="2" count="1" type="stmt"/>
      <line num="5" count="1" type="stmt"/>
      <line num="6" count="1" type="stmt"/>
      <line num="9" count="1" type="stmt"/>
      <line num="10" count="1" type="stmt"/>
      <line num="13" count="1" type="stmt"/>
      <line num="14" count="1" type="stmt"/>
      <line num="20" count="1" type="stmt"/>
    </file>
    <file name="service-function.js" path="C:\Users\Mohit\OneDrive\Desktop\Unit-Testing-Jest\funtions\service-function.js">
      <metrics statements="9" coveredstatements="9" conditionals="2" coveredconditionals="2" methods="2" coveredmethods="2"/>
      <line num="1" count="1" type="stmt"/>
      <line num="2" count="2" type="stmt"/>
      <line num="4" count="2" type="stmt"/>
      <line num="7" count="1" type="stmt"/>
      <line num="8" count="2" type="stmt"/>
      <line num="10" count="2" type="cond" truecount="2" falsecount="0"/>
      <line num="11" count="1" type="stmt"/>
      <line num="13" count="1" type="stmt"/>
      <line num="17" count="1" type="stmt"/>
    </file>
  </project>
</coverage>
